<?xml version="1.0" encoding="UTF-8"?>
<beans xmlns="http://www.springframework.org/schema/beans"
       xmlns:xsi="http://www.w3.org/2001/XMLSchema-instance"
       xmlns:context="http://www.springframework.org/schema/context"
       xsi:schemaLocation="http://www.springframework.org/schema/beans
            http://www.springframework.org/schema/beans/spring-beans-4.2.xsd
            http://www.springframework.org/schema/context
            http://www.springframework.org/schema/context/spring-context-4.2.xsd">

    <context:annotation-config/>
    <context:component-scan base-package="org.meridor.perspective">
        <context:exclude-filter expression="org\.meridor\.perspective\.sql\.impl\.storage\.impl\.DataFetcherImpl" type="regex" />
        <context:exclude-filter expression="org\.meridor\.perspective\.sql\.impl\.parser\.QueryParserImpl" type="regex" />
        <context:exclude-filter expression="org\.meridor\.perspective\.sql\.impl\.MockQueryPlanner" type="regex" />
    </context:component-scan>
    
    <bean class="org.meridor.perspective.sql.impl.task.strategy.TestInstancesTable"/>
    <bean class="org.meridor.perspective.sql.impl.task.strategy.TestProjectsTable"/>

</beans>